11
0
9
20
641380257
372512980
513457825
761913329
515555454
211340266
972608284
883005448
280647666
44313988
10402845
765767910
281451594
399760683
377966953
488980977
48108030
270015422
218037316
612482457
330780483
269570378
568250628
483187038
177051624
689402301
66166078
885233354
290165150
484908424
366786181
202829244
492911034
604214387
478902128
589077270
575961618
826900218
619030865
790752522
673102356
132660094
949402104
405954774
713175591
150901392
320159741
198129550
214139218
286915940
758900410
385259625
724760519
399115583
289419111
685108080
